build/app/outputs/mapping/release/seeds.txt
com.example.doc_app.MainActivity: MainActivity()
com.example.doc_app.MainActivity
...
androidx.vectordrawable.graphics.drawable.VectorDrawableCompat$VGroup: void setPivotX(float)
androidx.appcompat.widget.AppCompatCheckBox: android.content.res.ColorStateList getSupportBackgroundTintList()
androidx.core.widget.NestedScrollView: void setOnScrollChangeListener(androidx.core.widget.NestedScrollView$OnScrollChangeListener)
androidx.lifecycle.ReflectiveGenericLifecycleObserver
androidx.loader.app.LoaderManagerImpl$LoaderViewModel: LoaderManagerImpl$LoaderViewModel()
androidx.lifecycle.LiveData$LifecycleBoundObserver
io.flutter.plugin.editing.ImeSyncDeferringInsetsCallback$AnimationCallback
androidx.appcompat.widget.SearchView: void setSuggestionsAdapter(androidx.cursoradapter.widget.CursorAdapter)
androidx.appcompat.view.menu.ActionMenuItemView: ActionMenuItemView(android.content.Context,android.util.AttributeSet)
androidx.appcompat.widget.Toolbar: void setOverflowIcon(android.graphics.drawable.Drawable)
androidx.appcompat.widget.AppCompatImageView: void setImageURI(android.net.Uri)
androidx.appcompat.widget.AppCompatImageView: android.graphics.PorterDuff$Mode getSupportImageTintMode()
androidx.lifecycle.Lifecycle$State: androidx.lifecycle.Lifecycle$State valueOf(java.lang.String)
android.support.v4.app.RemoteActionCompatParcelizer: androidx.core.app.RemoteActionCompat read(androidx.versionedparcelable.VersionedParcel)
io.flutter.view.AccessibilityViewEmbedder: io.flutter.view.AccessibilityViewEmbedder$ReflectionAccessors reflectionAccessors
androidx.appcompat.widget.Toolbar: void setTitleMarginEnd(int)
androidx.core.widget.NestedScrollView$SavedState: android.os.Parcelable$Creator CREATOR
androidx.appcompat.widget.ActionBarContextView: java.lang.CharSequence getSubtitle()
androidx.appcompat.widget.AppCompatCheckBox: int getCompoundPaddingLeft()
io.flutter.embedding.android.FlutterSurfaceView: io.flutter.embedding.engine.renderer.FlutterRenderer getAttachedRenderer()
androidx.appcompat.widget.LinearLayoutCompat: void setOrientation(int)
androidx.appcompat.widget.AppCompatImageView: void setSupportBackgroundTintList(android.content.res.ColorStateList)
io.flutter.embedding.android.FlutterSurfaceView
androidx.appcompat.widget.AppCompatTextView: void setSupportCompoundDrawablesTintMode(android.graphics.PorterDuff$Mode)
io.flutter.embedding.engine.systemchannels.TextInputChannel$TextCapitalization: io.flutter.embedding.engine.systemchannels.TextInputChannel$TextCapitalization valueOf(java.lang.String)
androidx.appcompat.widget.AppCompatImageView: void setImageResource(int)
androidx.lifecycle.FullLifecycleObserverAdapter
io.flutter.plugin.editing.ImeSyncDeferringInsetsCallback: int access$500(io.flutter.plugin.editing.ImeSyncDeferringInsetsCallback)
io.flutter.embedding.engine.FlutterJNI: long nativeAttach(io.flutter.embedding.engine.FlutterJNI,boolean)
io.flutter.embedding.engine.FlutterJNI: void registerTexture(long,io.flutter.embedding.engine.renderer.SurfaceTextureWrapper)
androidx.appcompat.widget.LinearLayoutCompat: void setShowDividers(int)
io.flutter.embedding.engine.FlutterJNI: void nativeSetViewportMetrics(long,float,int,int,int,int,int,int,int,int,int,int,int,int,int,int)
androidx.appcompat.widget.Toolbar: java.lang.CharSequence getNavigationContentDescription()
androidx.appcompat.widget.ActionBarContextView: void setTitle(java.lang.CharSequence)
androidx.activity.OnBackPressedDispatcher$LifecycleOnBackPressedCancellable
io.flutter.view.AccessibilityBridge$Flag: io.flutter.view.AccessibilityBridge$Flag[] values()
androidx.appcompat.widget.AppCompatSpinner: int getDropDownWidth()
androidx.appcompat.widget.Toolbar: java.lang.CharSequence getLogoDescription()
androidx.appcompat.widget.SearchView: void setOnSearchClickListener(android.view.View$OnClickListener)
androidx.fragment.app.FragmentManagerState: android.os.Parcelable$Creator CREATOR
io.flutter.embedding.engine.FlutterJNI: FlutterJNI()
androidx.appcompat.widget.AppCompatRadioButton: void setButtonDrawable(int)