build/app/outputs/mapping/release/mapping.txt
# compiler: R8
# compiler_version: 2.1.62
# min_api: 16
# pg_map_id: 0ef9a81
# common_typos_disable
...
io.flutter.embedding.engine.systemchannels.PlatformChannel$2 -> io.flutter.embedding.engine.i.i$b:
    int[] $SwitchMap$io$flutter$embedding$engine$systemchannels$PlatformChannel$SystemUiOverlay -> b
    int[] $SwitchMap$io$flutter$embedding$engine$systemchannels$PlatformChannel$DeviceOrientation -> a
io.flutter.embedding.engine.systemchannels.PlatformChannel$AppSwitcherDescription -> io.flutter.embedding.engine.i.i$c:
    java.lang.String label -> b
    int color -> a
io.flutter.embedding.engine.systemchannels.PlatformChannel$Brightness -> io.flutter.embedding.engine.i.i$d:
    io.flutter.embedding.engine.systemchannels.PlatformChannel$Brightness[] $VALUES -> e
    io.flutter.embedding.engine.systemchannels.PlatformChannel$Brightness DARK -> d
    io.flutter.embedding.engine.systemchannels.PlatformChannel$Brightness LIGHT -> c
    java.lang.String encodedName -> b
    io.flutter.embedding.engine.systemchannels.PlatformChannel$Brightness fromValue(java.lang.String) -> a
io.flutter.embedding.engine.systemchannels.PlatformChannel$ClipboardContentFormat -> io.flutter.embedding.engine.i.i$e:
    io.flutter.embedding.engine.systemchannels.PlatformChannel$ClipboardContentFormat PLAIN_TEXT -> c
    io.flutter.embedding.engine.systemchannels.PlatformChannel$ClipboardContentFormat[] $VALUES -> d
    java.lang.String encodedName -> b
    io.flutter.embedding.engine.systemchannels.PlatformChannel$ClipboardContentFormat fromValue(java.lang.String) -> a
io.flutter.embedding.engine.systemchannels.PlatformChannel$DeviceOrientation -> io.flutter.embedding.engine.i.i$f:
    io.flutter.embedding.engine.systemchannels.PlatformChannel$DeviceOrientation[] $VALUES -> g
    io.flutter.embedding.engine.systemchannels.PlatformChannel$DeviceOrientation LANDSCAPE_RIGHT -> f
    io.flutter.embedding.engine.systemchannels.PlatformChannel$DeviceOrientation LANDSCAPE_LEFT -> e
    java.lang.String encodedName -> b
    io.flutter.embedding.engine.systemchannels.PlatformChannel$DeviceOrientation PORTRAIT_DOWN -> d
    io.flutter.embedding.engine.systemchannels.PlatformChannel$DeviceOrientation PORTRAIT_UP -> c
    io.flutter.embedding.engine.systemchannels.PlatformChannel$DeviceOrientation fromValue(java.lang.String) -> a
io.flutter.embedding.engine.systemchannels.PlatformChannel$HapticFeedbackType -> io.flutter.embedding.engine.i.i$g:
    io.flutter.embedding.engine.systemchannels.PlatformChannel$HapticFeedbackType SELECTION_CLICK -> g
    io.flutter.embedding.engine.systemchannels.PlatformChannel$HapticFeedbackType[] $VALUES -> h
    io.flutter.embedding.engine.systemchannels.PlatformChannel$HapticFeedbackType MEDIUM_IMPACT -> e
    io.flutter.embedding.engine.systemchannels.PlatformChannel$HapticFeedbackType HEAVY_IMPACT -> f
    io.flutter.embedding.engine.systemchannels.PlatformChannel$HapticFeedbackType STANDARD -> c
    io.flutter.embedding.engine.systemchannels.PlatformChannel$HapticFeedbackType LIGHT_IMPACT -> d
    java.lang.String encodedName -> b
    io.flutter.embedding.engine.systemchannels.PlatformChannel$HapticFeedbackType fromValue(java.lang.String) -> a