build/app/outputs/mapping/release/usage.txt
com.example.doc_app.R$xml
com.example.doc_app.R
com.example.doc_app.R$bool
com.example.doc_app.R$string
com.example.doc_app.R$anim
com.example.doc_app.R$integer
com.example.doc_app.R$attr
com.example.doc_app.R$layout
com.example.doc_app.R$interpolator
com.example.doc_app.BuildConfig
com.example.doc_app.R$mipmap
com.example.doc_app.R$id
com.example.doc_app.R$style
com.example.doc_app.R$dimen
com.example.doc_app.R$color
com.example.doc_app.R$drawable
com.example.doc_app.R$styleable
...
androidx.core.util.DebugUtils:
    private void <init>()
androidx.core.app.NotificationCompat
kotlin.io.ConsoleKt
kotlin.time.AbstractLongClock
kotlin.ranges.IntProgression
kotlin.coroutines.experimental.CoroutineContext$plus$1
io.flutter.embedding.engine.systemchannels.KeyEventChannel:
    private static final java.lang.String TAG
androidx.core.util.Pools$Pool
kotlin.ranges.LongProgressionIterator
androidx.appcompat.app.AppCompatDelegateImpl$AutoNightModeManager:
    boolean isListening()
kotlin.io.FilesKt__FileReadWriteKt
kotlin.collections.ArraysKt___ArraysJvmKt$asList$4
androidx.annotation.RequiresPermission
io.flutter.embedding.engine.plugins.FlutterPlugin$FlutterPluginBinding:
    public io.flutter.embedding.engine.FlutterEngine getFlutterEngine()
    public io.flutter.view.TextureRegistry getTextureRegistry()
    public io.flutter.plugin.platform.PlatformViewRegistry getPlatformViewRegistry()
    public io.flutter.embedding.engine.plugins.FlutterPlugin$FlutterAssets getFlutterAssets()
androidx.fragment.app.Fragment:
    public void <init>(int)
    public static androidx.fragment.app.Fragment instantiate(android.content.Context,java.lang.String)
    public androidx.lifecycle.LifecycleOwner getViewLifecycleOwner()
    public androidx.lifecycle.LiveData getViewLifecycleOwnerLiveData()
    public final int getId()
    public final java.lang.String getTag()
    public final android.os.Bundle getArguments()
    public final android.os.Bundle requireArguments()
    public void setInitialSavedState(androidx.fragment.app.Fragment$SavedState)
    public void setTargetFragment(androidx.fragment.app.Fragment,int)
    public final int getTargetRequestCode()
    public final java.lang.Object requireHost()
    public final java.lang.CharSequence getText(int)
    public final java.lang.String getString(int)
    public final varargs java.lang.String getString(int,java.lang.Object[])
    public final androidx.fragment.app.FragmentManager requireFragmentManager()
    public final androidx.fragment.app.Fragment requireParentFragment()
    public final boolean isAdded()
    public final boolean isDetached()
    public final boolean isRemoving()
    public final boolean isInLayout()
    public final boolean isResumed()
    public final boolean isVisible()
    public final boolean isHidden()
    public final boolean hasOptionsMenu()
    public final boolean isMenuVisible()
    public void setRetainInstance(boolean)
    public void setHasOptionsMenu(boolean)
kotlin.coroutines.jvm.internal.SuspendFunction
kotlin.collections.UCollectionsKt
androidx.core.widget.NestedScrollView:
    public void <init>(android.content.Context)
    public boolean dispatchNestedScroll(int,int,int,int,int[],int)
    public boolean isFillViewport()
    public boolean isSmoothScrollingEnabled()
    static final int ANIMATED_SCROLL_GAP
    static final float MAX_SCROLL_FACTOR
    private static final java.lang.String TAG
    private static final int INVALID_POINTER
kotlin.ReplaceWith
kotlin.LateinitKt
kotlin.coroutines.experimental.migration.ContinuationMigration
io.flutter.embedding.android.FlutterActivityLaunchConfigs
kotlin.jvm.functions.Function8
kotlin.io.ByteStreamsKt$iterator$1
kotlin.coroutines.jvm.internal.RunSuspend
kotlin.jvm.internal.Ref$LongRef
androidx.collection.LongSparseArray:
    public boolean remove(long,java.lang.Object)
    public void removeAt(int)
    public java.lang.Object replace(long,java.lang.Object)
    public boolean replace(long,java.lang.Object,java.lang.Object)
    public void putAll(androidx.collection.LongSparseArray)
    public java.lang.Object putIfAbsent(long,java.lang.Object)
    public boolean isEmpty()
    public void setValueAt(int,java.lang.Object)
    public int indexOfKey(long)
    public int indexOfValue(java.lang.Object)
    public boolean containsKey(long)
    public boolean containsValue(java.lang.Object)
kotlin.KotlinNullPointerException